<?xml version="1.0" encoding="UTF-8"?>
<!-- Generated by org.testng.reporters.JUnitXMLReporter -->
<testsuite ignored="0" hostname="DESKTOP-PHLKVQ5" failures="0" tests="9" name="Default test" time="13.679" errors="0" timestamp="2023-05-15T11:23:00 IST">
  <testcase classname="com.mini.project.Project" name="linkText" time="3.213"/>
  <testcase classname="com.mini.project.Project" name="userName" time="0.2"/>
  <testcase classname="com.mini.project.Project" name="password" time="0.129"/>
  <testcase classname="com.mini.project.Project" name="comments" time="0.927"/>
  <testcase classname="com.mini.project.Project" name="Checkboxs" time="0.079"/>
  <testcase classname="com.mini.project.Project" name="Checkbox" time="0.149"/>
  <testcase classname="com.mini.project.Project" name="radioButtons" time="0.036"/>
  <testcase classname="com.mini.project.Project" name="radioButton" time="3.132"/>
  <testcase classname="com.mini.project.Project" name="Submit" time="0.953"/>
</testsuite> <!-- Default test -->
